<?xml version="1.0" encoding="UTF-8"?>
<!-- Generated by org.testng.reporters.JUnitReportReporter -->
<testsuite skipped="1" hostname="eppspc7" name="com.epps.mms.test.DirectGRN" tests="2" failures="0" timestamp="27 Jan 2017 14:13:34 GMT" time="0.000" errors="1">
  <testcase name="testSalesOrder" time="0.000" classname="com.epps.mms.test.DirectGRN">
    <skipped/>
  </testcase> <!-- testSalesOrder -->
  <testcase name="setUp" time="0.000" classname="com.epps.mms.test.DirectGRN">
    <error type="org.openqa.selenium.WebDriverException" message="unknown error: cannot get automation extension
from chrome not reachable
  (Session info: chrome=55.0.2883.87)
  (Driver info: chromedriver=2.24.417431 (9aea000394714d2fbb20850021f6204f2256b9cf),platform=Windows NT 10.0.10240 x86_64) (WARNING: The server did not provide any stacktrace information)
Command duration or timeout: 4.08 seconds
Build info: version: &#039;2.52.0&#039;, revision: &#039;4c2593c&#039;, time: &#039;2016-02-11 19:06:42&#039;
System info: host: &#039;eppspc7&#039;, ip: &#039;192.168.1.96&#039;, os.name: &#039;Windows 8&#039;, os.arch: &#039;amd64&#039;, os.version: &#039;6.2&#039;, java.version: &#039;1.7.0_45&#039;
Session ID: 56580860ea86a2950296b2dfc7937409
Driver info: org.openqa.selenium.chrome.ChromeDriver
Capabilities [{platform=WIN8, acceptSslCerts=true, javascriptEnabled=true, browserName=chrome, chrome={userDataDir=C:\Users\ATIKPA~1\AppData\Local\Temp\scoped_dir8536_9650, chromedriverVersion=2.24.417431 (9aea000394714d2fbb20850021f6204f2256b9cf)}, networkConnectionEnabled=false, rotatable=false, locationContextEnabled=true, mobileEmulationEnabled=false, version=55.0.2883.87, pageLoadStrategy=normal, takesHeapSnapshot=true, cssSelectorsEnabled=true, databaseEnabled=false, handlesAlerts=true, browserConnectionEnabled=false, webStorageEnabled=true, nativeEvents=true, hasTouchScreen=false, applicationCacheEnabled=false, takesScreenshot=true}]">
      <![CDATA[org.openqa.selenium.WebDriverException: unknown error: cannot get automation extension
from chrome not reachable
  (Session info: chrome=55.0.2883.87)
  (Driver info: chromedriver=2.24.417431 (9aea000394714d2fbb20850021f6204f2256b9cf),platform=Windows NT 10.0.10240 x86_64) (WARNING: The server did not provide any stacktrace information)
Command duration or timeout: 4.08 seconds
Build info: version: '2.52.0', revision: '4c2593c', time: '2016-02-11 19:06:42'
System info: host: 'eppspc7', ip: '192.168.1.96', os.name: 'Windows 8', os.arch: 'amd64', os.version: '6.2', java.version: '1.7.0_45'
Session ID: 56580860ea86a2950296b2dfc7937409
Driver info: org.openqa.selenium.chrome.ChromeDriver
Capabilities [{platform=WIN8, acceptSslCerts=true, javascriptEnabled=true, browserName=chrome, chrome={userDataDir=C:\Users\ATIKPA~1\AppData\Local\Temp\scoped_dir8536_9650, chromedriverVersion=2.24.417431 (9aea000394714d2fbb20850021f6204f2256b9cf)}, networkConnectionEnabled=false, rotatable=false, locationContextEnabled=true, mobileEmulationEnabled=false, version=55.0.2883.87, pageLoadStrategy=normal, takesHeapSnapshot=true, cssSelectorsEnabled=true, databaseEnabled=false, handlesAlerts=true, browserConnectionEnabled=false, webStorageEnabled=true, nativeEvents=true, hasTouchScreen=false, applicationCacheEnabled=false, takesScreenshot=true}]
	at sun.reflect.NativeConstructorAccessorImpl.newInstance0(Native Method)
	at sun.reflect.NativeConstructorAccessorImpl.newInstance(Unknown Source)
	at sun.reflect.DelegatingConstructorAccessorImpl.newInstance(Unknown Source)
	at java.lang.reflect.Constructor.newInstance(Unknown Source)
	at org.openqa.selenium.remote.ErrorHandler.createThrowable(ErrorHandler.java:206)
	at org.openqa.selenium.remote.ErrorHandler.throwIfResponseFailed(ErrorHandler.java:158)
	at org.openqa.selenium.remote.RemoteWebDriver.execute(RemoteWebDriver.java:678)
	at org.openqa.selenium.remote.RemoteWebDriver$RemoteWebDriverOptions$RemoteWindow.maximize(RemoteWebDriver.java:945)
	at com.epps.common.util.AutoTestUtil.login(AutoTestUtil.java:71)
	at com.epps.mms.test.DirectGRN.setUp(DirectGRN.java:25)
	at sun.reflect.NativeMethodAccessorImpl.invoke0(Native Method)
	at sun.reflect.NativeMethodAccessorImpl.invoke(Unknown Source)
	at sun.reflect.DelegatingMethodAccessorImpl.invoke(Unknown Source)
	at java.lang.reflect.Method.invoke(Unknown Source)
	at org.testng.internal.MethodInvocationHelper.invokeMethod(MethodInvocationHelper.java:100)
	at org.testng.internal.Invoker.invokeConfigurationMethod(Invoker.java:515)
	at org.testng.internal.Invoker.invokeConfigurations(Invoker.java:216)
	at org.testng.internal.Invoker.invokeConfigurations(Invoker.java:143)
	at org.testng.internal.TestMethodWorker.invokeBeforeClassMethods(TestMethodWorker.java:169)
	at org.testng.internal.TestMethodWorker.run(TestMethodWorker.java:108)
	at org.testng.TestRunner.privateRun(TestRunner.java:753)
	at org.testng.TestRunner.run(TestRunner.java:607)
	at org.testng.SuiteRunner.runTest(SuiteRunner.java:368)
	at org.testng.SuiteRunner.runSequentially(SuiteRunner.java:363)
	at org.testng.SuiteRunner.privateRun(SuiteRunner.java:321)
	at org.testng.SuiteRunner.run(SuiteRunner.java:270)
	at org.testng.SuiteRunnerWorker.runSuite(SuiteRunnerWorker.java:52)
	at org.testng.SuiteRunnerWorker.run(SuiteRunnerWorker.java:86)
	at org.testng.TestNG.runSuitesSequentially(TestNG.java:1284)
	at org.testng.TestNG.runSuitesLocally(TestNG.java:1209)
	at org.testng.TestNG.runSuites(TestNG.java:1124)
	at org.testng.TestNG.run(TestNG.java:1096)
	at org.testng.remote.AbstractRemoteTestNG.run(AbstractRemoteTestNG.java:132)
	at org.testng.remote.RemoteTestNG.initAndRun(RemoteTestNG.java:236)
	at org.testng.remote.RemoteTestNG.main(RemoteTestNG.java:81)
]]>
    </error>
  </testcase> <!-- setUp -->
</testsuite> <!-- com.epps.mms.test.DirectGRN -->
