<?xml version="1.0" encoding="UTF-8"?>
<!-- Generated by org.testng.reporters.JUnitReportReporter -->
<testsuite hostname="eppspc26" name="com.epps.mms.test.TestTransactionsRequisition" tests="2" failures="0" timestamp="13 May 2016 07:11:10 GMT" time="36.212" errors="2">
  <testcase name="setUp" time="12.068" classname="com.epps.mms.test.TestTransactionsRequisition">
    <error type="org.openqa.selenium.interactions.MoveTargetOutOfBoundsException" message="Offset within element cannot be scrolled into view: (49.5, 49.5): [object HTMLImageElement]
Command duration or timeout: 44 milliseconds
Build info: version: &#039;2.52.0&#039;, revision: &#039;4c2593c&#039;, time: &#039;2016-02-11 19:06:42&#039;
System info: host: &#039;eppspc26&#039;, ip: &#039;192.168.1.38&#039;, os.name: &#039;Linux&#039;, os.arch: &#039;amd64&#039;, os.version: &#039;3.10.0-327.4.4.el7.x86_64&#039;, java.version: &#039;1.7.0_60&#039;
Session ID: e65394d3-f442-4c45-9a3a-a90528772554
Driver info: org.openqa.selenium.firefox.FirefoxDriver
Capabilities [{platform=LINUX, acceptSslCerts=true, javascriptEnabled=true, cssSelectorsEnabled=true, databaseEnabled=true, browserName=firefox, handlesAlerts=true, nativeEvents=false, webStorageEnabled=true, rotatable=false, locationContextEnabled=true, applicationCacheEnabled=true, takesScreenshot=true, version=38.5.0}]">
      <![CDATA[org.openqa.selenium.interactions.MoveTargetOutOfBoundsException: Offset within element cannot be scrolled into view: (49.5, 49.5): [object HTMLImageElement]
Command duration or timeout: 44 milliseconds
Build info: version: '2.52.0', revision: '4c2593c', time: '2016-02-11 19:06:42'
System info: host: 'eppspc26', ip: '192.168.1.38', os.name: 'Linux', os.arch: 'amd64', os.version: '3.10.0-327.4.4.el7.x86_64', java.version: '1.7.0_60'
Session ID: e65394d3-f442-4c45-9a3a-a90528772554
Driver info: org.openqa.selenium.firefox.FirefoxDriver
Capabilities [{platform=LINUX, acceptSslCerts=true, javascriptEnabled=true, cssSelectorsEnabled=true, databaseEnabled=true, browserName=firefox, handlesAlerts=true, nativeEvents=false, webStorageEnabled=true, rotatable=false, locationContextEnabled=true, applicationCacheEnabled=true, takesScreenshot=true, version=38.5.0}]
	at sun.reflect.NativeConstructorAccessorImpl.newInstance0(Native Method)
	at sun.reflect.NativeConstructorAccessorImpl.newInstance(NativeConstructorAccessorImpl.java:57)
	at sun.reflect.DelegatingConstructorAccessorImpl.newInstance(DelegatingConstructorAccessorImpl.java:45)
	at java.lang.reflect.Constructor.newInstance(Constructor.java:526)
	at org.openqa.selenium.remote.ErrorHandler.createThrowable(ErrorHandler.java:206)
	at org.openqa.selenium.remote.ErrorHandler.throwIfResponseFailed(ErrorHandler.java:158)
	at org.openqa.selenium.remote.RemoteWebDriver.execute(RemoteWebDriver.java:678)
	at org.openqa.selenium.remote.RemoteExecuteMethod.execute(RemoteExecuteMethod.java:35)
	at org.openqa.selenium.remote.RemoteMouse.mouseMove(RemoteMouse.java:89)
	at org.openqa.selenium.interactions.internal.MouseAction.moveToLocation(MouseAction.java:59)
	at org.openqa.selenium.interactions.ClickAction.perform(ClickAction.java:36)
	at org.openqa.selenium.interactions.CompositeAction.perform(CompositeAction.java:50)
	at org.openqa.selenium.interactions.Actions.perform(Actions.java:373)
	at com.epps.mms.test.TestTransactionsRequisition.setUp(TestTransactionsRequisition.java:39)
	at sun.reflect.NativeMethodAccessorImpl.invoke0(Native Method)
	at sun.reflect.NativeMethodAccessorImpl.invoke(NativeMethodAccessorImpl.java:57)
	at sun.reflect.DelegatingMethodAccessorImpl.invoke(DelegatingMethodAccessorImpl.java:43)
	at java.lang.reflect.Method.invoke(Method.java:606)
	at org.testng.internal.MethodInvocationHelper.invokeMethod(MethodInvocationHelper.java:86)
	at org.testng.internal.Invoker.invokeMethod(Invoker.java:645)
	at org.testng.internal.Invoker.invokeTestMethod(Invoker.java:822)
	at org.testng.internal.Invoker.invokeTestMethods(Invoker.java:1130)
	at org.testng.internal.TestMethodWorker.invokeTestMethods(TestMethodWorker.java:129)
	at org.testng.internal.TestMethodWorker.run(TestMethodWorker.java:112)
	at org.testng.TestRunner.privateRun(TestRunner.java:782)
	at org.testng.TestRunner.run(TestRunner.java:632)
	at org.testng.SuiteRunner.runTest(SuiteRunner.java:366)
	at org.testng.SuiteRunner.runSequentially(SuiteRunner.java:361)
	at org.testng.SuiteRunner.privateRun(SuiteRunner.java:319)
	at org.testng.SuiteRunner.run(SuiteRunner.java:268)
	at org.testng.SuiteRunnerWorker.runSuite(SuiteRunnerWorker.java:52)
	at org.testng.SuiteRunnerWorker.run(SuiteRunnerWorker.java:86)
	at org.testng.TestNG.runSuitesSequentially(TestNG.java:1244)
	at org.testng.TestNG.runSuitesLocally(TestNG.java:1169)
	at org.testng.TestNG.run(TestNG.java:1064)
	at org.testng.remote.RemoteTestNG.run(RemoteTestNG.java:113)
	at org.testng.remote.RemoteTestNG.initAndRun(RemoteTestNG.java:206)
	at org.testng.remote.RemoteTestNG.main(RemoteTestNG.java:177)
Caused by: org.openqa.selenium.interactions.MoveTargetOutOfBoundsException: Offset within element cannot be scrolled into view: (49.5, 49.5): [object HTMLImageElement]
Build info: version: '2.52.0', revision: '4c2593c', time: '2016-02-11 19:06:42'
System info: host: 'eppspc26', ip: '192.168.1.38', os.name: 'Linux', os.arch: 'amd64', os.version: '3.10.0-327.4.4.el7.x86_64', java.version: '1.7.0_60'
Driver info: driver.version: unknown
	at <anonymous class>.FirefoxDriver.prototype.mouseMoveTo(file:///tmp/anonymous4988254172318274581webdriver-profile/extensions/fxdriver@googlecode.com/components/driver-component.js:11025)
	at <anonymous class>.DelayedCommand.prototype.executeInternal_/h(file:///tmp/anonymous4988254172318274581webdriver-profile/extensions/fxdriver@googlecode.com/components/command-processor.js:12614)
	at <anonymous class>.DelayedCommand.prototype.executeInternal_(file:///tmp/anonymous4988254172318274581webdriver-profile/extensions/fxdriver@googlecode.com/components/command-processor.js:12619)
	at <anonymous class>.DelayedCommand.prototype.execute/<(file:///tmp/anonymous4988254172318274581webdriver-profile/extensions/fxdriver@googlecode.com/components/command-processor.js:12561)
]]>
    </error>
  </testcase> <!-- setUp -->
  <testcase name="testTransactionRequisition" time="24.144" classname="com.epps.mms.test.TestTransactionsRequisition">
    <error type="org.openqa.selenium.WebDriverException" message="Element is not clickable at point (316.26666259765625, 129). Other element would receive the click: &lt;th style=&quot;text-align:left;width:auto;&quot;&gt;&lt;/th&gt;
Command duration or timeout: 100 milliseconds
Build info: version: &#039;2.52.0&#039;, revision: &#039;4c2593c&#039;, time: &#039;2016-02-11 19:06:42&#039;
System info: host: &#039;eppspc26&#039;, ip: &#039;192.168.1.38&#039;, os.name: &#039;Linux&#039;, os.arch: &#039;amd64&#039;, os.version: &#039;3.10.0-327.4.4.el7.x86_64&#039;, java.version: &#039;1.7.0_60&#039;
Session ID: e65394d3-f442-4c45-9a3a-a90528772554
Driver info: org.openqa.selenium.firefox.FirefoxDriver
Capabilities [{platform=LINUX, acceptSslCerts=true, javascriptEnabled=true, cssSelectorsEnabled=true, databaseEnabled=true, browserName=firefox, handlesAlerts=true, nativeEvents=false, webStorageEnabled=true, rotatable=false, locationContextEnabled=true, applicationCacheEnabled=true, takesScreenshot=true, version=38.5.0}]">
      <![CDATA[org.openqa.selenium.WebDriverException: Element is not clickable at point (316.26666259765625, 129). Other element would receive the click: <th style="text-align:left;width:auto;"></th>
Command duration or timeout: 100 milliseconds
Build info: version: '2.52.0', revision: '4c2593c', time: '2016-02-11 19:06:42'
System info: host: 'eppspc26', ip: '192.168.1.38', os.name: 'Linux', os.arch: 'amd64', os.version: '3.10.0-327.4.4.el7.x86_64', java.version: '1.7.0_60'
Session ID: e65394d3-f442-4c45-9a3a-a90528772554
Driver info: org.openqa.selenium.firefox.FirefoxDriver
Capabilities [{platform=LINUX, acceptSslCerts=true, javascriptEnabled=true, cssSelectorsEnabled=true, databaseEnabled=true, browserName=firefox, handlesAlerts=true, nativeEvents=false, webStorageEnabled=true, rotatable=false, locationContextEnabled=true, applicationCacheEnabled=true, takesScreenshot=true, version=38.5.0}]
	at sun.reflect.NativeConstructorAccessorImpl.newInstance0(Native Method)
	at sun.reflect.NativeConstructorAccessorImpl.newInstance(NativeConstructorAccessorImpl.java:57)
	at sun.reflect.DelegatingConstructorAccessorImpl.newInstance(DelegatingConstructorAccessorImpl.java:45)
	at java.lang.reflect.Constructor.newInstance(Constructor.java:526)
	at org.openqa.selenium.remote.ErrorHandler.createThrowable(ErrorHandler.java:206)
	at org.openqa.selenium.remote.ErrorHandler.throwIfResponseFailed(ErrorHandler.java:158)
	at org.openqa.selenium.remote.RemoteWebDriver.execute(RemoteWebDriver.java:678)
	at org.openqa.selenium.remote.RemoteWebElement.execute(RemoteWebElement.java:327)
	at org.openqa.selenium.remote.RemoteWebElement.click(RemoteWebElement.java:85)
	at com.epps.mms.test.TestTransactionsRequisition.click(TestTransactionsRequisition.java:138)
	at com.epps.mms.test.TestTransactionsRequisition.testTransactionRequisition(TestTransactionsRequisition.java:87)
	at sun.reflect.NativeMethodAccessorImpl.invoke0(Native Method)
	at sun.reflect.NativeMethodAccessorImpl.invoke(NativeMethodAccessorImpl.java:57)
	at sun.reflect.DelegatingMethodAccessorImpl.invoke(DelegatingMethodAccessorImpl.java:43)
	at java.lang.reflect.Method.invoke(Method.java:606)
	at org.testng.internal.MethodInvocationHelper.invokeMethod(MethodInvocationHelper.java:86)
	at org.testng.internal.Invoker.invokeMethod(Invoker.java:645)
	at org.testng.internal.Invoker.invokeTestMethod(Invoker.java:822)
	at org.testng.internal.Invoker.invokeTestMethods(Invoker.java:1130)
	at org.testng.internal.TestMethodWorker.invokeTestMethods(TestMethodWorker.java:129)
	at org.testng.internal.TestMethodWorker.run(TestMethodWorker.java:112)
	at org.testng.TestRunner.privateRun(TestRunner.java:782)
	at org.testng.TestRunner.run(TestRunner.java:632)
	at org.testng.SuiteRunner.runTest(SuiteRunner.java:366)
	at org.testng.SuiteRunner.runSequentially(SuiteRunner.java:361)
	at org.testng.SuiteRunner.privateRun(SuiteRunner.java:319)
	at org.testng.SuiteRunner.run(SuiteRunner.java:268)
	at org.testng.SuiteRunnerWorker.runSuite(SuiteRunnerWorker.java:52)
	at org.testng.SuiteRunnerWorker.run(SuiteRunnerWorker.java:86)
	at org.testng.TestNG.runSuitesSequentially(TestNG.java:1244)
	at org.testng.TestNG.runSuitesLocally(TestNG.java:1169)
	at org.testng.TestNG.run(TestNG.java:1064)
	at org.testng.remote.RemoteTestNG.run(RemoteTestNG.java:113)
	at org.testng.remote.RemoteTestNG.initAndRun(RemoteTestNG.java:206)
	at org.testng.remote.RemoteTestNG.main(RemoteTestNG.java:177)
]]>
    </error>
  </testcase> <!-- testTransactionRequisition -->
</testsuite> <!-- com.epps.mms.test.TestTransactionsRequisition -->
