<?xml version="1.0" encoding="UTF-8"?>
<!-- Generated by org.testng.reporters.JUnitReportReporter -->
<testsuite name="com.epps.fas.test.TestSLMaster" tests="4" failures="0" timestamp="11 Mar 2016 11:47:37 GMT" time="51.672" errors="1">
  <testcase name="testCreateSL" time="4.968" classname="com.epps.fas.test.TestSLMaster">
    <error type="org.openqa.selenium.ElementNotVisibleException" message="Element is not currently visible and so may not be interacted with
Command duration or timeout: 17 milliseconds
Build info: version: &#039;2.52.0&#039;, revision: &#039;4c2593c&#039;, time: &#039;2016-02-11 19:06:42&#039;
System info: host: &#039;N/A&#039;, ip: &#039;N/A&#039;, os.name: &#039;Linux&#039;, os.arch: &#039;amd64&#039;, os.version: &#039;3.10.0-327.4.5.el7.x86_64&#039;, java.version: &#039;1.7.0_60&#039;
Session ID: 7ebb3581-6818-4304-9c56-2ac823f20272
Driver info: org.openqa.selenium.firefox.FirefoxDriver
Capabilities [{platform=LINUX, acceptSslCerts=true, javascriptEnabled=true, cssSelectorsEnabled=true, databaseEnabled=true, browserName=firefox, handlesAlerts=true, nativeEvents=false, webStorageEnabled=true, rotatable=false, locationContextEnabled=true, applicationCacheEnabled=true, takesScreenshot=true, version=38.6.0}]">
      <![CDATA[org.openqa.selenium.ElementNotVisibleException: Element is not currently visible and so may not be interacted with
Command duration or timeout: 17 milliseconds
Build info: version: '2.52.0', revision: '4c2593c', time: '2016-02-11 19:06:42'
System info: host: 'N/A', ip: 'N/A', os.name: 'Linux', os.arch: 'amd64', os.version: '3.10.0-327.4.5.el7.x86_64', java.version: '1.7.0_60'
Session ID: 7ebb3581-6818-4304-9c56-2ac823f20272
Driver info: org.openqa.selenium.firefox.FirefoxDriver
Capabilities [{platform=LINUX, acceptSslCerts=true, javascriptEnabled=true, cssSelectorsEnabled=true, databaseEnabled=true, browserName=firefox, handlesAlerts=true, nativeEvents=false, webStorageEnabled=true, rotatable=false, locationContextEnabled=true, applicationCacheEnabled=true, takesScreenshot=true, version=38.6.0}]
	at sun.reflect.NativeConstructorAccessorImpl.newInstance0(Native Method)
	at sun.reflect.NativeConstructorAccessorImpl.newInstance(NativeConstructorAccessorImpl.java:57)
	at sun.reflect.DelegatingConstructorAccessorImpl.newInstance(DelegatingConstructorAccessorImpl.java:45)
	at java.lang.reflect.Constructor.newInstance(Constructor.java:526)
	at org.openqa.selenium.remote.ErrorHandler.createThrowable(ErrorHandler.java:206)
	at org.openqa.selenium.remote.ErrorHandler.throwIfResponseFailed(ErrorHandler.java:158)
	at org.openqa.selenium.remote.RemoteWebDriver.execute(RemoteWebDriver.java:678)
	at org.openqa.selenium.remote.RemoteWebElement.execute(RemoteWebElement.java:327)
	at org.openqa.selenium.remote.RemoteWebElement.click(RemoteWebElement.java:85)
	at com.epps.fas.test.TestSLMaster.testCreateSL(TestSLMaster.java:67)
	at sun.reflect.NativeMethodAccessorImpl.invoke0(Native Method)
	at sun.reflect.NativeMethodAccessorImpl.invoke(NativeMethodAccessorImpl.java:57)
	at sun.reflect.DelegatingMethodAccessorImpl.invoke(DelegatingMethodAccessorImpl.java:43)
	at java.lang.reflect.Method.invoke(Method.java:606)
	at org.testng.internal.MethodInvocationHelper.invokeMethod(MethodInvocationHelper.java:85)
	at org.testng.internal.Invoker.invokeMethod(Invoker.java:639)
	at org.testng.internal.Invoker.invokeTestMethod(Invoker.java:816)
	at org.testng.internal.Invoker.invokeTestMethods(Invoker.java:1124)
	at org.testng.internal.TestMethodWorker.invokeTestMethods(TestMethodWorker.java:125)
	at org.testng.internal.TestMethodWorker.run(TestMethodWorker.java:108)
	at org.testng.TestRunner.privateRun(TestRunner.java:774)
	at org.testng.TestRunner.run(TestRunner.java:624)
	at org.testng.SuiteRunner.runTest(SuiteRunner.java:359)
	at org.testng.SuiteRunner.runSequentially(SuiteRunner.java:354)
	at org.testng.SuiteRunner.privateRun(SuiteRunner.java:312)
	at org.testng.SuiteRunner.run(SuiteRunner.java:261)
	at org.testng.SuiteRunnerWorker.runSuite(SuiteRunnerWorker.java:52)
	at org.testng.SuiteRunnerWorker.run(SuiteRunnerWorker.java:86)
	at org.testng.TestNG.runSuitesSequentially(TestNG.java:1215)
	at org.testng.TestNG.runSuitesLocally(TestNG.java:1140)
	at org.testng.TestNG.run(TestNG.java:1048)
	at org.testng.remote.RemoteTestNG.run(RemoteTestNG.java:112)
	at org.testng.remote.RemoteTestNG.initAndRun(RemoteTestNG.java:205)
	at org.testng.remote.RemoteTestNG.main(RemoteTestNG.java:176)
Caused by: org.openqa.selenium.ElementNotVisibleException: Element is not currently visible and so may not be interacted with
Build info: version: '2.52.0', revision: '4c2593c', time: '2016-02-11 19:06:42'
System info: host: 'N/A', ip: 'N/A', os.name: 'Linux', os.arch: 'amd64', os.version: '3.10.0-327.4.5.el7.x86_64', java.version: '1.7.0_60'
Driver info: driver.version: unknown
	at <anonymous class>.fxdriver.preconditions.visible(file:///tmp/anonymous6628647814472876862webdriver-profile/extensions/fxdriver@googlecode.com/components/command-processor.js:10045)
	at <anonymous class>.DelayedCommand.prototype.checkPreconditions_(file:///tmp/anonymous6628647814472876862webdriver-profile/extensions/fxdriver@googlecode.com/components/command-processor.js:12597)
	at <anonymous class>.DelayedCommand.prototype.executeInternal_/h(file:///tmp/anonymous6628647814472876862webdriver-profile/extensions/fxdriver@googlecode.com/components/command-processor.js:12614)
	at <anonymous class>.DelayedCommand.prototype.executeInternal_(file:///tmp/anonymous6628647814472876862webdriver-profile/extensions/fxdriver@googlecode.com/components/command-processor.js:12619)
	at <anonymous class>.DelayedCommand.prototype.execute/<(file:///tmp/anonymous6628647814472876862webdriver-profile/extensions/fxdriver@googlecode.com/components/command-processor.js:12561)
]]>
    </error>
  </testcase> <!-- testCreateSL -->
  <testcase name="testViewBankDetails" time="13.367" classname="com.epps.fas.test.TestSLMaster"/>
  <testcase name="testClearSLDetails" time="17.118" classname="com.epps.fas.test.TestSLMaster"/>
  <testcase name="testUpdateSL" time="16.219" classname="com.epps.fas.test.TestSLMaster"/>
</testsuite> <!-- com.epps.fas.test.TestSLMaster -->
